<?xml version="1.0" encoding="UTF-8"?>
<!-- Generated by org.testng.reporters.JUnitXMLReporter -->
<testsuite hostname="sys" name="Test" tests="15" failures="2" timestamp="31 Aug 2015 22:34:56 GMT" time="0.222" errors="0">
  <testcase name="Testnum1" time="0.057" classname="testPrograms.PingPongTest"/>
  <testcase name="Testnum2" time="0.002" classname="testPrograms.PingPongTest"/>
  <testcase name="Testnum3" time="0.003" classname="testPrograms.PingPongTest"/>
  <testcase name="Testnum4" time="0.004" classname="testPrograms.PingPongTest">
    <failure type="java.lang.AssertionError" message="expected [null] but found [invalid num]">
      <![CDATA[java.lang.AssertionError: expected [null] but found [invalid num]
	at testPrograms.PingPongTest.Testnum4(PingPongTest.java:32)
... Removed 29 stack frames]]>
    </failure>
  </testcase> <!-- Testnum4 -->
  <testcase name="TestDuplicateNum" time="0.007" classname="testPrograms.SmallestTest"/>
  <testcase name="TestNegativeNum" time="0.002" classname="testPrograms.SmallestTest"/>
  <testcase name="TestZeroNum" time="0.001" classname="testPrograms.SmallestTest"/>
  <testcase name="MissTest1" time="0.006" classname="testPrograms.MissingTest"/>
  <testcase name="MissTest2" time="0.002" classname="testPrograms.MissingTest"/>
  <testcase name="TestCountNum" time="0.004" classname="testPrograms.FibonacciTest"/>
  <testcase name="TestPosition" time="0.001" classname="testPrograms.FibonacciTest"/>
  <testcase name="TestPositiveNum" time="0.005" classname="testPrograms.FactorialTest"/>
  <testcase name="Testwithzero" time="0.002" classname="testPrograms.FactorialTest">
    <failure type="java.lang.AssertionError" message="expected [0] but found [1]">
      <![CDATA[java.lang.AssertionError: expected [0] but found [1]
	at testPrograms.FactorialTest.Testwithzero(FactorialTest.java:21)
... Removed 29 stack frames]]>
    </failure>
  </testcase> <!-- Testwithzero -->
  <testcase name="Testnum1" time="0.004" classname="testPrograms.PrimeTest"/>
  <testcase name="Testnum2" time="0.004" classname="testPrograms.PrimeTest"/>
</testsuite> <!-- Test -->
