<?xml version="1.0" encoding="UTF-8"?>
<testng-results skipped="0" failed="0" total="2" passed="2">
  <reporter-output>
  </reporter-output>
  <suite name="Default suite" duration-ms="150" started-at="2015-09-08T01:39:41Z" finished-at="2015-09-08T01:39:41Z">
    <groups>
    </groups>
    <test name="Default test" duration-ms="150" started-at="2015-09-08T01:39:41Z" finished-at="2015-09-08T01:39:41Z">
      <class name="testPrograms.StringReplaceTest">
        <test-method status="PASS" signature="teststring()[pri:0, instance:testPrograms.StringReplaceTest@71e7a66b]" name="teststring" duration-ms="71" started-at="2015-09-07T18:39:41Z" finished-at="2015-09-07T18:39:41Z">
          <reporter-output>
          </reporter-output>
        </test-method> <!-- teststring -->
        <test-method status="PASS" signature="teststring1()[pri:0, instance:testPrograms.StringReplaceTest@71e7a66b]" name="teststring1" duration-ms="2" started-at="2015-09-07T18:39:41Z" finished-at="2015-09-07T18:39:41Z">
          <reporter-output>
          </reporter-output>
        </test-method> <!-- teststring1 -->
      </class> <!-- testPrograms.StringReplaceTest -->
    </test> <!-- Default test -->
  </suite> <!-- Default suite -->
</testng-results>
